[main-20171227200813687] INFO  org.springframework.boot.StartupInfoLoggerlogStarting:48 Starting Main on DESKTOP-600O9UB with PID 15580 (D:\self_workspace\springboot\common\target\classes started by huizi in D:\self_workspace\springboot\common) 
[main-20171227200813687] INFO  org.springframework.boot.SpringApplicationlogStartupProfileInfo:593 No active profile set, falling back to default profiles: default 
[main-20171227200813687] INFO  org.springframework.context.support.AbstractApplicationContextprepareRefresh:583 Refreshing org.springframework.boot.context.embedded.AnnotationConfigEmbeddedWebApplicationContext@2114ba: startup date [Wed Dec 27 20:08:13 CST 2017]; root of context hierarchy 
[background-preinit-20171227200813687] INFO  org.hibernate.validator.internal.util.Version<clinit>:30 HV000001: Hibernate Validator 5.3.5.Final 
[main-20171227200813687] INFO  org.springframework.data.repository.config.RepositoryConfigurationDelegatemultipleStoresDetected:165 Multiple Spring Data modules found, entering strict repository configuration mode! 
[main-20171227200813687] INFO  org.springframework.boot.context.embedded.tomcat.TomcatEmbeddedServletContainerinitialize:89 Tomcat initialized with port(s): 80 (http) 
[main-20171227200813687] INFO  org.apache.juli.logging.DirectJDKLoglog:179 Starting service [Tomcat] 
[main-20171227200813687] INFO  org.apache.juli.logging.DirectJDKLoglog:179 Starting Servlet Engine: Apache Tomcat/8.5.20 
[localhost-startStop-1-20171227200813687] INFO  org.apache.juli.logging.DirectJDKLoglog:179 At least one JAR was scanned for TLDs yet contained no TLDs. Enable debug logging for this logger for a complete list of JARs that were scanned but no TLDs were found in them. Skipping unneeded JARs during scanning can improve startup time and JSP compilation time. 
[localhost-startStop-1-20171227200813687] INFO  org.apache.juli.logging.DirectJDKLoglog:179 Initializing Spring embedded WebApplicationContext 
[localhost-startStop-1-20171227200813687] INFO  org.springframework.boot.context.embedded.EmbeddedWebApplicationContextprepareEmbeddedWebApplicationContext:276 Root WebApplicationContext: initialization completed in 3291 ms 
[localhost-startStop-1-20171227200813687] INFO  org.springframework.boot.web.servlet.ServletRegistrationBeanonStartup:190 Mapping servlet: 'dispatcherServlet' to [/] 
[localhost-startStop-1-20171227200813687] INFO  org.springframework.boot.web.servlet.AbstractFilterRegistrationBeanconfigure:258 Mapping filter: 'characterEncodingFilter' to: [/*] 
[localhost-startStop-1-20171227200813687] INFO  org.springframework.boot.web.servlet.AbstractFilterRegistrationBeanconfigure:258 Mapping filter: 'hiddenHttpMethodFilter' to: [/*] 
[localhost-startStop-1-20171227200813687] INFO  org.springframework.boot.web.servlet.AbstractFilterRegistrationBeanconfigure:258 Mapping filter: 'httpPutFormContentFilter' to: [/*] 
[localhost-startStop-1-20171227200813687] INFO  org.springframework.boot.web.servlet.AbstractFilterRegistrationBeanconfigure:258 Mapping filter: 'requestContextFilter' to: [/*] 
[main-20171227200813687] INFO  org.springframework.web.servlet.mvc.method.annotation.RequestMappingHandlerAdapterinitControllerAdviceCache:534 Looking for @ControllerAdvice: org.springframework.boot.context.embedded.AnnotationConfigEmbeddedWebApplicationContext@2114ba: startup date [Wed Dec 27 20:08:13 CST 2017]; root of context hierarchy 
[main-20171227200813687] INFO  org.springframework.web.servlet.handler.AbstractHandlerMethodMapping$MappingRegistryregister:543 Mapped "{[/userinfo]}" onto public java.lang.String com.muou.common.controller.UserInfoController.userInfo() throws java.lang.Exception 
[main-20171227200813687] INFO  org.springframework.web.servlet.handler.AbstractHandlerMethodMapping$MappingRegistryregister:543 Mapped "{[/test]}" onto public java.lang.String com.muou.common.controller.UserInfoController.test() 
[main-20171227200813687] INFO  org.springframework.web.servlet.handler.AbstractHandlerMethodMapping$MappingRegistryregister:543 Mapped "{[/publish]}" onto public java.lang.String com.muou.common.controller.UserInfoController.publish(java.lang.String) 
[main-20171227200813687] INFO  org.springframework.web.servlet.handler.AbstractHandlerMethodMapping$MappingRegistryregister:543 Mapped "{[/checkToken]}" onto public java.lang.String com.muou.common.controller.UserInfoController.cheakToken(javax.servlet.http.HttpServletRequest,javax.servlet.http.HttpServletResponse) throws java.lang.Exception 
[main-20171227200813687] INFO  org.springframework.web.servlet.handler.AbstractHandlerMethodMapping$MappingRegistryregister:543 Mapped "{[/redis]}" onto public java.lang.String com.muou.common.controller.UserInfoController.redis() 
[main-20171227200813687] INFO  org.springframework.web.servlet.handler.AbstractHandlerMethodMapping$MappingRegistryregister:543 Mapped "{[/wechat],methods=[POST]}" onto public java.lang.String com.muou.common.controller.WechatController.wechatPost(javax.servlet.http.HttpServletRequest,javax.servlet.http.HttpServletResponse) throws java.lang.Exception 
[main-20171227200813687] INFO  org.springframework.web.servlet.handler.AbstractHandlerMethodMapping$MappingRegistryregister:543 Mapped "{[/wechat],methods=[GET]}" onto public java.lang.String com.muou.common.controller.WechatController.wechatGet(javax.servlet.http.HttpServletRequest,javax.servlet.http.HttpServletResponse) throws java.lang.Exception 
[main-20171227200813687] INFO  org.springframework.web.servlet.handler.AbstractHandlerMethodMapping$MappingRegistryregister:543 Mapped "{[/error]}" onto public org.springframework.http.ResponseEntity<java.util.Map<java.lang.String, java.lang.Object>> org.springframework.boot.autoconfigure.web.BasicErrorController.error(javax.servlet.http.HttpServletRequest) 
[main-20171227200813687] INFO  org.springframework.web.servlet.handler.AbstractHandlerMethodMapping$MappingRegistryregister:543 Mapped "{[/error],produces=[text/html]}" onto public org.springframework.web.servlet.ModelAndView org.springframework.boot.autoconfigure.web.BasicErrorController.errorHtml(javax.servlet.http.HttpServletRequest,javax.servlet.http.HttpServletResponse) 
[main-20171227200813687] INFO  org.springframework.web.servlet.handler.AbstractUrlHandlerMappingregisterHandler:362 Mapped URL path [/webjars/**] onto handler of type [class org.springframework.web.servlet.resource.ResourceHttpRequestHandler] 
[main-20171227200813687] INFO  org.springframework.web.servlet.handler.AbstractUrlHandlerMappingregisterHandler:362 Mapped URL path [/**] onto handler of type [class org.springframework.web.servlet.resource.ResourceHttpRequestHandler] 
[main-20171227200813687] INFO  org.springframework.web.servlet.handler.AbstractUrlHandlerMappingregisterHandler:362 Mapped URL path [/**/favicon.ico] onto handler of type [class org.springframework.web.servlet.resource.ResourceHttpRequestHandler] 
[main-20171227200813687] INFO  org.springframework.boot.autoconfigure.web.WebMvcAutoConfiguration$WelcomePageHandlerMapping<init>:549 Adding welcome page: ServletContext resource [/index.html] 
[main-20171227200813687] INFO  org.springframework.jmx.export.MBeanExporterafterSingletonsInstantiated:431 Registering beans for JMX exposure on startup 
[main-20171227200813687] INFO  org.apache.juli.logging.DirectJDKLoglog:179 Initializing ProtocolHandler ["http-nio-80"] 
[main-20171227200813687] INFO  org.apache.juli.logging.DirectJDKLoglog:179 Starting ProtocolHandler ["http-nio-80"] 
[main-20171227200813687] INFO  org.apache.juli.logging.DirectJDKLoglog:179 Using a shared selector for servlet write/read 
[main-20171227200813687] INFO  org.springframework.boot.context.embedded.tomcat.TomcatEmbeddedServletContainerstart:201 Tomcat started on port(s): 80 (http) 
[main-20171227200813687] INFO  org.springframework.boot.StartupInfoLoggerlogStarted:57 Started Main in 7.639 seconds (JVM running for 8.625) 
[http-nio-80-exec-1-20171227200813687] INFO  org.apache.juli.logging.DirectJDKLoglog:179 Initializing Spring FrameworkServlet 'dispatcherServlet' 
[http-nio-80-exec-1-20171227200813687] INFO  org.springframework.web.servlet.FrameworkServletinitServletBean:489 FrameworkServlet 'dispatcherServlet': initialization started 
[http-nio-80-exec-1-20171227200813687] INFO  org.springframework.web.servlet.FrameworkServletinitServletBean:508 FrameworkServlet 'dispatcherServlet': initialization completed in 44 ms 
[main-20171227202150046] INFO  org.springframework.boot.StartupInfoLoggerlogStarting:48 Starting Main on DESKTOP-600O9UB with PID 10492 (D:\self_workspace\springboot\common\target\classes started by huizi in D:\self_workspace\springboot\common) 
[main-20171227202150046] INFO  org.springframework.boot.SpringApplicationlogStartupProfileInfo:593 No active profile set, falling back to default profiles: default 
[main-20171227202150046] INFO  org.springframework.context.support.AbstractApplicationContextprepareRefresh:583 Refreshing org.springframework.boot.context.embedded.AnnotationConfigEmbeddedWebApplicationContext@2114ba: startup date [Wed Dec 27 20:21:50 CST 2017]; root of context hierarchy 
[background-preinit-20171227202150046] INFO  org.hibernate.validator.internal.util.Version<clinit>:30 HV000001: Hibernate Validator 5.3.5.Final 
[main-20171227202150046] INFO  org.springframework.data.repository.config.RepositoryConfigurationDelegatemultipleStoresDetected:165 Multiple Spring Data modules found, entering strict repository configuration mode! 
[main-20171227202150046] INFO  org.springframework.boot.context.embedded.tomcat.TomcatEmbeddedServletContainerinitialize:89 Tomcat initialized with port(s): 80 (http) 
[main-20171227202150046] INFO  org.apache.juli.logging.DirectJDKLoglog:179 Starting service [Tomcat] 
[main-20171227202150046] INFO  org.apache.juli.logging.DirectJDKLoglog:179 Starting Servlet Engine: Apache Tomcat/8.5.20 
[localhost-startStop-1-20171227202150046] INFO  org.apache.juli.logging.DirectJDKLoglog:179 At least one JAR was scanned for TLDs yet contained no TLDs. Enable debug logging for this logger for a complete list of JARs that were scanned but no TLDs were found in them. Skipping unneeded JARs during scanning can improve startup time and JSP compilation time. 
[localhost-startStop-1-20171227202150046] INFO  org.apache.juli.logging.DirectJDKLoglog:179 Initializing Spring embedded WebApplicationContext 
[localhost-startStop-1-20171227202150046] INFO  org.springframework.boot.context.embedded.EmbeddedWebApplicationContextprepareEmbeddedWebApplicationContext:276 Root WebApplicationContext: initialization completed in 2506 ms 
[localhost-startStop-1-20171227202150046] INFO  org.springframework.boot.web.servlet.ServletRegistrationBeanonStartup:190 Mapping servlet: 'dispatcherServlet' to [/] 
[localhost-startStop-1-20171227202150046] INFO  org.springframework.boot.web.servlet.AbstractFilterRegistrationBeanconfigure:258 Mapping filter: 'characterEncodingFilter' to: [/*] 
[localhost-startStop-1-20171227202150046] INFO  org.springframework.boot.web.servlet.AbstractFilterRegistrationBeanconfigure:258 Mapping filter: 'hiddenHttpMethodFilter' to: [/*] 
[localhost-startStop-1-20171227202150046] INFO  org.springframework.boot.web.servlet.AbstractFilterRegistrationBeanconfigure:258 Mapping filter: 'httpPutFormContentFilter' to: [/*] 
[localhost-startStop-1-20171227202150046] INFO  org.springframework.boot.web.servlet.AbstractFilterRegistrationBeanconfigure:258 Mapping filter: 'requestContextFilter' to: [/*] 
[main-20171227202150046] INFO  org.springframework.web.servlet.mvc.method.annotation.RequestMappingHandlerAdapterinitControllerAdviceCache:534 Looking for @ControllerAdvice: org.springframework.boot.context.embedded.AnnotationConfigEmbeddedWebApplicationContext@2114ba: startup date [Wed Dec 27 20:21:50 CST 2017]; root of context hierarchy 
[main-20171227202150046] INFO  org.springframework.web.servlet.handler.AbstractHandlerMethodMapping$MappingRegistryregister:543 Mapped "{[/userinfo]}" onto public java.lang.String com.muou.common.controller.UserInfoController.userInfo() throws java.lang.Exception 
[main-20171227202150046] INFO  org.springframework.web.servlet.handler.AbstractHandlerMethodMapping$MappingRegistryregister:543 Mapped "{[/test]}" onto public java.lang.String com.muou.common.controller.UserInfoController.test() throws java.lang.Exception 
[main-20171227202150046] INFO  org.springframework.web.servlet.handler.AbstractHandlerMethodMapping$MappingRegistryregister:543 Mapped "{[/publish]}" onto public java.lang.String com.muou.common.controller.UserInfoController.publish(java.lang.String) 
[main-20171227202150046] INFO  org.springframework.web.servlet.handler.AbstractHandlerMethodMapping$MappingRegistryregister:543 Mapped "{[/checkToken]}" onto public java.lang.String com.muou.common.controller.UserInfoController.cheakToken(javax.servlet.http.HttpServletRequest,javax.servlet.http.HttpServletResponse) throws java.lang.Exception 
[main-20171227202150046] INFO  org.springframework.web.servlet.handler.AbstractHandlerMethodMapping$MappingRegistryregister:543 Mapped "{[/redis]}" onto public java.lang.String com.muou.common.controller.UserInfoController.redis() 
[main-20171227202150046] INFO  org.springframework.web.servlet.handler.AbstractHandlerMethodMapping$MappingRegistryregister:543 Mapped "{[/wechat],methods=[GET]}" onto public java.lang.String com.muou.common.controller.WechatController.wechatGet(javax.servlet.http.HttpServletRequest,javax.servlet.http.HttpServletResponse) throws java.lang.Exception 
[main-20171227202150046] INFO  org.springframework.web.servlet.handler.AbstractHandlerMethodMapping$MappingRegistryregister:543 Mapped "{[/wechat],methods=[POST]}" onto public java.lang.String com.muou.common.controller.WechatController.wechatPost(javax.servlet.http.HttpServletRequest,javax.servlet.http.HttpServletResponse) throws java.lang.Exception 
[main-20171227202150046] INFO  org.springframework.web.servlet.handler.AbstractHandlerMethodMapping$MappingRegistryregister:543 Mapped "{[/error]}" onto public org.springframework.http.ResponseEntity<java.util.Map<java.lang.String, java.lang.Object>> org.springframework.boot.autoconfigure.web.BasicErrorController.error(javax.servlet.http.HttpServletRequest) 
[main-20171227202150046] INFO  org.springframework.web.servlet.handler.AbstractHandlerMethodMapping$MappingRegistryregister:543 Mapped "{[/error],produces=[text/html]}" onto public org.springframework.web.servlet.ModelAndView org.springframework.boot.autoconfigure.web.BasicErrorController.errorHtml(javax.servlet.http.HttpServletRequest,javax.servlet.http.HttpServletResponse) 
[main-20171227202150046] INFO  org.springframework.web.servlet.handler.AbstractUrlHandlerMappingregisterHandler:362 Mapped URL path [/webjars/**] onto handler of type [class org.springframework.web.servlet.resource.ResourceHttpRequestHandler] 
[main-20171227202150046] INFO  org.springframework.web.servlet.handler.AbstractUrlHandlerMappingregisterHandler:362 Mapped URL path [/**] onto handler of type [class org.springframework.web.servlet.resource.ResourceHttpRequestHandler] 
[main-20171227202150046] INFO  org.springframework.web.servlet.handler.AbstractUrlHandlerMappingregisterHandler:362 Mapped URL path [/**/favicon.ico] onto handler of type [class org.springframework.web.servlet.resource.ResourceHttpRequestHandler] 
[main-20171227202150046] INFO  org.springframework.boot.autoconfigure.web.WebMvcAutoConfiguration$WelcomePageHandlerMapping<init>:549 Adding welcome page: ServletContext resource [/index.html] 
[main-20171227202150046] INFO  org.springframework.jmx.export.MBeanExporterafterSingletonsInstantiated:431 Registering beans for JMX exposure on startup 
[main-20171227202150046] INFO  org.apache.juli.logging.DirectJDKLoglog:179 Initializing ProtocolHandler ["http-nio-80"] 
[main-20171227202150046] INFO  org.apache.juli.logging.DirectJDKLoglog:179 Starting ProtocolHandler ["http-nio-80"] 
[main-20171227202150046] INFO  org.apache.juli.logging.DirectJDKLoglog:179 Using a shared selector for servlet write/read 
[main-20171227202150046] INFO  org.springframework.boot.context.embedded.tomcat.TomcatEmbeddedServletContainerstart:201 Tomcat started on port(s): 80 (http) 
[main-20171227202150046] INFO  org.springframework.boot.StartupInfoLoggerlogStarted:57 Started Main in 5.703 seconds (JVM running for 6.274) 
[http-nio-80-exec-2-20171227202150046] INFO  org.apache.juli.logging.DirectJDKLoglog:179 Initializing Spring FrameworkServlet 'dispatcherServlet' 
[http-nio-80-exec-2-20171227202150046] INFO  org.springframework.web.servlet.FrameworkServletinitServletBean:489 FrameworkServlet 'dispatcherServlet': initialization started 
[http-nio-80-exec-2-20171227202150046] INFO  org.springframework.web.servlet.FrameworkServletinitServletBean:508 FrameworkServlet 'dispatcherServlet': initialization completed in 29 ms 
